<?xml version="1.0" encoding="UTF-8"?>
<!-- Generated by org.testng.reporters.JUnitReportReporter -->
<testsuite hostname="sivareddy" failures="0" tests="6" name="com.learnautomation.testcases.LoginTestWithPOMWithFactory" time="21.741" errors="0" timestamp="2022-03-20T11:56:02 IST" skipped="0">
  <testcase classname="com.learnautomation.testcases.LoginTestWithPOMWithFactory" name="login" time="8.825"/>
  <system-out/>
  <testcase classname="com.learnautomation.testcases.LoginTestWithPOMWithFactory" name="login" time="6.566"/>
  <system-out/>
  <testcase classname="com.learnautomation.testcases.LoginTestWithPOMWithFactory" name="verifyTabs" time="0.048"/>
  <system-out/>
  <testcase classname="com.learnautomation.testcases.LoginTestWithPOMWithFactory" name="verifyTabs" time="0.041"/>
  <system-out/>
  <testcase classname="com.learnautomation.testcases.LoginTestWithPOMWithFactory" name="logOutApplication" time="2.290"/>
  <system-out/>
  <testcase classname="com.learnautomation.testcases.LoginTestWithPOMWithFactory" name="logOutApplication" time="3.971"/>
  <system-out/>
</testsuite> <!-- com.learnautomation.testcases.LoginTestWithPOMWithFactory -->
